2025.05.05 19:07:00 INFO  Started: Metals version 1.5.2 in folders 'C:\Users\Usuario\OneDrive\Escritorio\Universidad\4 Semestre\FDP funcional y concurrente\Taller6' for client Visual Studio Code 1.99.3.
2025.05.05 19:07:01 INFO  no build target found for C:\Users\Usuario\OneDrive\Escritorio\Universidad\4 Semestre\FDP funcional y concurrente\Taller6\build.sbt. Using presentation compiler with project's scala-library version: 3.3.5
2025.05.05 19:07:06 INFO  no build target found for C:\Users\Usuario\OneDrive\Escritorio\Universidad\4 Semestre\FDP funcional y concurrente\Taller6\build.sbt. Using presentation compiler with project's scala-library version: 3.3.5
2025.05.05 19:07:06 INFO  no build target found for C:\Users\Usuario\OneDrive\Escritorio\Universidad\4 Semestre\FDP funcional y concurrente\Taller6\build.sbt. Using presentation compiler with project's scala-library version: 3.3.5
may 05, 2025 7:07:06 P. M. org.eclipse.lsp4j.jsonrpc.RemoteEndpoint handleCancellation
WARNING: Unmatched cancel notification for request id 1
2025.05.05 19:07:13 INFO  no build target found for C:\Users\Usuario\OneDrive\Escritorio\Universidad\4 Semestre\FDP funcional y concurrente\Taller6\build.sbt. Using presentation compiler with project's scala-library version: 3.3.5
2025.05.05 19:07:13 WARN  no build target for: C:\Users\Usuario\OneDrive\Escritorio\Universidad\4 Semestre\FDP funcional y concurrente\Taller6\build.sbt
2025.05.05 19:07:13 INFO  no build target found for C:\Users\Usuario\OneDrive\Escritorio\Universidad\4 Semestre\FDP funcional y concurrente\Taller6\build.sbt. Using presentation compiler with project's scala-library version: 3.3.5
2025.05.05 19:07:13 INFO  no build target found for C:\Users\Usuario\OneDrive\Escritorio\Universidad\4 Semestre\FDP funcional y concurrente\Taller6\build.sbt. Using presentation compiler with project's scala-library version: 3.3.5
2025.05.05 19:07:14 INFO  no build target found for C:\Users\Usuario\OneDrive\Escritorio\Universidad\4 Semestre\FDP funcional y concurrente\Taller6\build.sbt. Using presentation compiler with project's scala-library version: 3.3.5
2025.05.05 19:07:17 INFO  no build target found for C:\Users\Usuario\OneDrive\Escritorio\Universidad\4 Semestre\FDP funcional y concurrente\Taller6\build.sbt. Using presentation compiler with project's scala-library version: 3.3.5
2025.05.05 19:07:20 WARN  no build target for: C:\Users\Usuario\OneDrive\Escritorio\Universidad\4 Semestre\FDP funcional y concurrente\Taller6\build.sbt
2025.05.05 19:07:20 INFO  skipping build import with status 'Dismissed'
2025.05.05 19:07:20 INFO  no build target found for C:\Users\Usuario\OneDrive\Escritorio\Universidad\4 Semestre\FDP funcional y concurrente\Taller6\build.sbt. Using presentation compiler with project's scala-library version: 3.3.5
2025.05.05 19:10:01 INFO  no build target found for C:\Users\Usuario\OneDrive\Escritorio\Universidad\4 Semestre\FDP funcional y concurrente\Taller6\src\main\scala\example\Main.scala. Using presentation compiler with project's scala-library version: 3.3.5
2025.05.05 19:10:01 WARN  no build target for: C:\Users\Usuario\OneDrive\Escritorio\Universidad\4 Semestre\FDP funcional y concurrente\Taller6\src\main\scala\example\Main.scala
2025.05.05 19:10:01 INFO  no build target found for C:\Users\Usuario\OneDrive\Escritorio\Universidad\4 Semestre\FDP funcional y concurrente\Taller6\src\main\scala\example\Main.scala. Using presentation compiler with project's scala-library version: 3.3.5
2025.05.05 19:10:02 INFO  no build target found for C:\Users\Usuario\OneDrive\Escritorio\Universidad\4 Semestre\FDP funcional y concurrente\Taller6\src\main\scala\example\Main.scala. Using presentation compiler with project's scala-library version: 3.3.5
2025.05.05 19:10:03 INFO  no build target found for C:\Users\Usuario\OneDrive\Escritorio\Universidad\4 Semestre\FDP funcional y concurrente\Taller6\src\main\scala\example\Main.scala. Using presentation compiler with project's scala-library version: 3.3.5
2025.05.05 19:10:05 INFO  no build target found for C:\Users\Usuario\OneDrive\Escritorio\Universidad\4 Semestre\FDP funcional y concurrente\Taller6\src\main\scala\example\Main.scala. Using presentation compiler with project's scala-library version: 3.3.5
2025.05.05 19:12:41 INFO  no build target found for C:\Users\Usuario\OneDrive\Escritorio\Universidad\4 Semestre\FDP funcional y concurrente\Taller6\src\main\scala\Matrices\package.scala. Using presentation compiler with project's scala-library version: 3.3.5
2025.05.05 19:12:41 WARN  no build target for: C:\Users\Usuario\OneDrive\Escritorio\Universidad\4 Semestre\FDP funcional y concurrente\Taller6\src\main\scala\Matrices\package.scala
2025.05.05 19:12:41 INFO  no build target found for C:\Users\Usuario\OneDrive\Escritorio\Universidad\4 Semestre\FDP funcional y concurrente\Taller6\src\main\scala\Matrices\package.scala. Using presentation compiler with project's scala-library version: 3.3.5
2025.05.05 19:12:41 WARN  Could not find semantic tokens for: file:///C:/Users/Usuario/OneDrive/Escritorio/Universidad/4%20Semestre/FDP%20funcional%20y%20concurrente/Taller6/src/main/scala/Matrices/package.scala
2025.05.05 19:12:42 INFO  no build target found for C:\Users\Usuario\OneDrive\Escritorio\Universidad\4 Semestre\FDP funcional y concurrente\Taller6\src\main\scala\Matrices\package.scala. Using presentation compiler with project's scala-library version: 3.3.5
2025.05.05 19:12:42 WARN  Could not find semantic tokens for: file:///C:/Users/Usuario/OneDrive/Escritorio/Universidad/4%20Semestre/FDP%20funcional%20y%20concurrente/Taller6/src/main/scala/Matrices/package.scala
2025.05.05 19:12:51 INFO  no build target found for C:\Users\Usuario\OneDrive\Escritorio\Universidad\4 Semestre\FDP funcional y concurrente\Taller6\src\main\scala\common\package.scala. Using presentation compiler with project's scala-library version: 3.3.5
2025.05.05 19:12:51 WARN  no build target for: C:\Users\Usuario\OneDrive\Escritorio\Universidad\4 Semestre\FDP funcional y concurrente\Taller6\src\main\scala\common\package.scala
2025.05.05 19:12:51 INFO  no build target found for C:\Users\Usuario\OneDrive\Escritorio\Universidad\4 Semestre\FDP funcional y concurrente\Taller6\src\main\scala\common\package.scala. Using presentation compiler with project's scala-library version: 3.3.5
2025.05.05 19:12:51 WARN  Could not find semantic tokens for: file:///C:/Users/Usuario/OneDrive/Escritorio/Universidad/4%20Semestre/FDP%20funcional%20y%20concurrente/Taller6/src/main/scala/common/package.scala
2025.05.05 19:12:51 INFO  no build target found for C:\Users\Usuario\OneDrive\Escritorio\Universidad\4 Semestre\FDP funcional y concurrente\Taller6\src\main\scala\common\package.scala. Using presentation compiler with project's scala-library version: 3.3.5
2025.05.05 19:12:51 WARN  Could not find semantic tokens for: file:///C:/Users/Usuario/OneDrive/Escritorio/Universidad/4%20Semestre/FDP%20funcional%20y%20concurrente/Taller6/src/main/scala/common/package.scala
2025.05.05 19:13:05 INFO  no build target found for C:\Users\Usuario\OneDrive\Escritorio\Universidad\4 Semestre\FDP funcional y concurrente\Taller6\src\main\scala\common\package.scala. Using presentation compiler with project's scala-library version: 3.3.5
2025.05.05 19:13:05 INFO  no build target found for C:\Users\Usuario\OneDrive\Escritorio\Universidad\4 Semestre\FDP funcional y concurrente\Taller6\src\main\scala\common\package.scala. Using presentation compiler with project's scala-library version: 3.3.5
2025.05.05 19:13:05 INFO  no build target found for C:\Users\Usuario\OneDrive\Escritorio\Universidad\4 Semestre\FDP funcional y concurrente\Taller6\src\main\scala\common\package.scala. Using presentation compiler with project's scala-library version: 3.3.5
2025.05.05 19:13:05 INFO  no build target found for C:\Users\Usuario\OneDrive\Escritorio\Universidad\4 Semestre\FDP funcional y concurrente\Taller6\src\main\scala\common\package.scala. Using presentation compiler with project's scala-library version: 3.3.5
2025.05.05 19:13:05 INFO  no build target found for C:\Users\Usuario\OneDrive\Escritorio\Universidad\4 Semestre\FDP funcional y concurrente\Taller6\src\main\scala\common\package.scala. Using presentation compiler with project's scala-library version: 3.3.5
2025.05.05 19:13:07 INFO  no build target found for C:\Users\Usuario\OneDrive\Escritorio\Universidad\4 Semestre\FDP funcional y concurrente\Taller6\src\main\scala\common\package.scala. Using presentation compiler with project's scala-library version: 3.3.5
2025.05.05 19:13:07 INFO  time: code lens generation in 1.52s
2025.05.05 19:13:09 WARN  no build target for: C:\Users\Usuario\OneDrive\Escritorio\Universidad\4 Semestre\FDP funcional y concurrente\Taller6\src\main\scala\common\package.scala
2025.05.05 19:13:09 INFO  no build target found for C:\Users\Usuario\OneDrive\Escritorio\Universidad\4 Semestre\FDP funcional y concurrente\Taller6\src\main\scala\common\package.scala. Using presentation compiler with project's scala-library version: 3.3.5
2025.05.05 19:13:41 WARN  no build target for: C:\Users\Usuario\OneDrive\Escritorio\Universidad\4 Semestre\FDP funcional y concurrente\Taller6\src\main\scala\Benchmark\package.scala
2025.05.05 19:13:41 INFO  no build target found for C:\Users\Usuario\OneDrive\Escritorio\Universidad\4 Semestre\FDP funcional y concurrente\Taller6\src\main\scala\Benchmark\package.scala. Using presentation compiler with project's scala-library version: 3.3.5
2025.05.05 19:13:41 INFO  no build target found for C:\Users\Usuario\OneDrive\Escritorio\Universidad\4 Semestre\FDP funcional y concurrente\Taller6\src\main\scala\Benchmark\package.scala. Using presentation compiler with project's scala-library version: 3.3.5
2025.05.05 19:13:41 WARN  Could not find semantic tokens for: file:///C:/Users/Usuario/OneDrive/Escritorio/Universidad/4%20Semestre/FDP%20funcional%20y%20concurrente/Taller6/src/main/scala/Benchmark/package.scala
2025.05.05 19:13:42 INFO  no build target found for C:\Users\Usuario\OneDrive\Escritorio\Universidad\4 Semestre\FDP funcional y concurrente\Taller6\src\main\scala\Benchmark\package.scala. Using presentation compiler with project's scala-library version: 3.3.5
2025.05.05 19:13:42 WARN  Could not find semantic tokens for: file:///C:/Users/Usuario/OneDrive/Escritorio/Universidad/4%20Semestre/FDP%20funcional%20y%20concurrente/Taller6/src/main/scala/Benchmark/package.scala
2025.05.05 19:13:51 INFO  no build target found for C:\Users\Usuario\OneDrive\Escritorio\Universidad\4 Semestre\FDP funcional y concurrente\Taller6\src\main\scala\Benchmark\package.scala. Using presentation compiler with project's scala-library version: 3.3.5
2025.05.05 19:13:51 INFO  no build target found for C:\Users\Usuario\OneDrive\Escritorio\Universidad\4 Semestre\FDP funcional y concurrente\Taller6\src\main\scala\Benchmark\package.scala. Using presentation compiler with project's scala-library version: 3.3.5
2025.05.05 19:13:52 INFO  no build target found for C:\Users\Usuario\OneDrive\Escritorio\Universidad\4 Semestre\FDP funcional y concurrente\Taller6\src\main\scala\Benchmark\package.scala. Using presentation compiler with project's scala-library version: 3.3.5
2025.05.05 19:13:51 WARN  no build target for: C:\Users\Usuario\OneDrive\Escritorio\Universidad\4 Semestre\FDP funcional y concurrente\Taller6\src\main\scala\Benchmark\package.scala
2025.05.05 19:13:52 INFO  no build target found for C:\Users\Usuario\OneDrive\Escritorio\Universidad\4 Semestre\FDP funcional y concurrente\Taller6\src\main\scala\Benchmark\package.scala. Using presentation compiler with project's scala-library version: 3.3.5
2025.05.05 19:13:56 INFO  no build target found for C:\Users\Usuario\OneDrive\Escritorio\Universidad\4 Semestre\FDP funcional y concurrente\Taller6\src\main\scala\Benchmark\package.scala. Using presentation compiler with project's scala-library version: 3.3.5
2025.05.05 19:14:19 INFO  no build target found for C:\Users\Usuario\OneDrive\Escritorio\Universidad\4 Semestre\FDP funcional y concurrente\Taller6\src\main\scala\Benchmark\package.scala. Using presentation compiler with project's scala-library version: 3.3.5
2025.05.05 19:14:19 INFO  no build target found for c:\Users\Usuario\OneDrive\Escritorio\Universidad\4 Semestre\FDP funcional y concurrente\Taller6\src\main\scala\example\Main.scala. Using presentation compiler with project's scala-library version: 3.3.5
2025.05.05 19:14:23 WARN  no build target for: C:\Users\Usuario\OneDrive\Escritorio\Universidad\4 Semestre\FDP funcional y concurrente\Taller6\src\main\scala\Matrices\package.scala
2025.05.05 19:14:23 INFO  no build target found for C:\Users\Usuario\OneDrive\Escritorio\Universidad\4 Semestre\FDP funcional y concurrente\Taller6\src\main\scala\Matrices\package.scala. Using presentation compiler with project's scala-library version: 3.3.5
2025.05.05 19:14:23 WARN  Could not find semantic tokens for: file:///C:/Users/Usuario/OneDrive/Escritorio/Universidad/4%20Semestre/FDP%20funcional%20y%20concurrente/Taller6/src/main/scala/Matrices/package.scala
2025.05.05 19:14:24 WARN  no build target for: C:\Users\Usuario\OneDrive\Escritorio\Universidad\4 Semestre\FDP funcional y concurrente\Taller6\src\main\scala\common\package.scala
2025.05.05 19:14:24 INFO  no build target found for C:\Users\Usuario\OneDrive\Escritorio\Universidad\4 Semestre\FDP funcional y concurrente\Taller6\src\main\scala\common\package.scala. Using presentation compiler with project's scala-library version: 3.3.5
2025.05.05 19:14:25 INFO  no build target found for C:\Users\Usuario\OneDrive\Escritorio\Universidad\4 Semestre\FDP funcional y concurrente\Taller6\src\main\scala\common\package.scala. Using presentation compiler with project's scala-library version: 3.3.5
2025.05.05 19:14:24 INFO  no build target found for C:\Users\Usuario\OneDrive\Escritorio\Universidad\4 Semestre\FDP funcional y concurrente\Taller6\src\main\scala\common\package.scala. Using presentation compiler with project's scala-library version: 3.3.5
2025.05.05 19:14:25 WARN  no build target for: C:\Users\Usuario\OneDrive\Escritorio\Universidad\4 Semestre\FDP funcional y concurrente\Taller6\src\main\scala\Benchmark\package.scala
2025.05.05 19:14:24 INFO  no build target found for C:\Users\Usuario\OneDrive\Escritorio\Universidad\4 Semestre\FDP funcional y concurrente\Taller6\src\main\scala\Benchmark\package.scala. Using presentation compiler with project's scala-library version: 3.3.5
2025.05.05 19:14:25 INFO  no build target found for C:\Users\Usuario\OneDrive\Escritorio\Universidad\4 Semestre\FDP funcional y concurrente\Taller6\src\main\scala\Benchmark\package.scala. Using presentation compiler with project's scala-library version: 3.3.5
2025.05.05 19:14:27 INFO  no build target found for C:\Users\Usuario\OneDrive\Escritorio\Universidad\4 Semestre\FDP funcional y concurrente\Taller6\src\main\scala\Benchmark\package.scala. Using presentation compiler with project's scala-library version: 3.3.5
2025.05.05 19:14:27 INFO  no build target found for C:\Users\Usuario\OneDrive\Escritorio\Universidad\4 Semestre\FDP funcional y concurrente\Taller6\src\main\scala\Benchmark\package.scala. Using presentation compiler with project's scala-library version: 3.3.5
2025.05.05 19:14:27 INFO  no build target found for C:\Users\Usuario\OneDrive\Escritorio\Universidad\4 Semestre\FDP funcional y concurrente\Taller6\src\main\scala\Benchmark\package.scala. Using presentation compiler with project's scala-library version: 3.3.5
2025.05.05 19:14:30 INFO  no build target found for C:\Users\Usuario\OneDrive\Escritorio\Universidad\4 Semestre\FDP funcional y concurrente\Taller6\src\main\scala\Benchmark\package.scala. Using presentation compiler with project's scala-library version: 3.3.5
2025.05.05 19:14:30 INFO  no build target found for C:\Users\Usuario\OneDrive\Escritorio\Universidad\4 Semestre\FDP funcional y concurrente\Taller6\src\main\scala\Benchmark\package.scala. Using presentation compiler with project's scala-library version: 3.3.5
2025.05.05 19:15:50 INFO  no build target found for C:\Users\Usuario\OneDrive\Escritorio\Universidad\4 Semestre\FDP funcional y concurrente\Taller6\src\main\scala\Benchmark\package.scala. Using presentation compiler with project's scala-library version: 3.3.5
2025.05.05 19:15:52 WARN  no build target for: C:\Users\Usuario\OneDrive\Escritorio\Universidad\4 Semestre\FDP funcional y concurrente\Taller6\src\main\scala\Matrices\package.scala
2025.05.05 19:15:52 INFO  no build target found for C:\Users\Usuario\OneDrive\Escritorio\Universidad\4 Semestre\FDP funcional y concurrente\Taller6\src\main\scala\Matrices\package.scala. Using presentation compiler with project's scala-library version: 3.3.5
2025.05.05 19:15:52 WARN  Could not find semantic tokens for: file:///C:/Users/Usuario/OneDrive/Escritorio/Universidad/4%20Semestre/FDP%20funcional%20y%20concurrente/Taller6/src/main/scala/Matrices/package.scala
2025.05.05 19:15:53 INFO  no build target found for C:\Users\Usuario\OneDrive\Escritorio\Universidad\4 Semestre\FDP funcional y concurrente\Taller6\src\main\scala\Matrices\package.scala. Using presentation compiler with project's scala-library version: 3.3.5
2025.05.05 19:15:53 INFO  no build target found for C:\Users\Usuario\OneDrive\Escritorio\Universidad\4 Semestre\FDP funcional y concurrente\Taller6\src\main\scala\Matrices\package.scala. Using presentation compiler with project's scala-library version: 3.3.5
2025.05.05 19:15:53 INFO  no build target found for C:\Users\Usuario\OneDrive\Escritorio\Universidad\4 Semestre\FDP funcional y concurrente\Taller6\src\main\scala\Matrices\package.scala. Using presentation compiler with project's scala-library version: 3.3.5
2025.05.05 19:15:54 INFO  time: code lens generation in 1.43s
2025.05.05 19:15:56 INFO  no build target found for C:\Users\Usuario\OneDrive\Escritorio\Universidad\4 Semestre\FDP funcional y concurrente\Taller6\src\main\scala\Matrices\package.scala. Using presentation compiler with project's scala-library version: 3.3.5
2025.05.05 19:16:10 INFO  no build target found for C:\Users\Usuario\OneDrive\Escritorio\Universidad\4 Semestre\FDP funcional y concurrente\Taller6\src\main\scala\Matrices\package.scala. Using presentation compiler with project's scala-library version: 3.3.5
2025.05.05 19:16:11 INFO  no build target found for C:\Users\Usuario\OneDrive\Escritorio\Universidad\4 Semestre\FDP funcional y concurrente\Taller6\src\main\scala\Matrices\package.scala. Using presentation compiler with project's scala-library version: 3.3.5
2025.05.05 19:16:36 INFO  no build target found for C:\Users\Usuario\OneDrive\Escritorio\Universidad\4 Semestre\FDP funcional y concurrente\Taller6\src\main\scala\Matrices\package.scala. Using presentation compiler with project's scala-library version: 3.3.5
2025.05.05 19:16:41 INFO  no build target found for C:\Users\Usuario\OneDrive\Escritorio\Universidad\4 Semestre\FDP funcional y concurrente\Taller6\src\main\scala\Matrices\package.scala. Using presentation compiler with project's scala-library version: 3.3.5
2025.05.05 19:16:42 WARN  no build target for: C:\Users\Usuario\OneDrive\Escritorio\Universidad\4 Semestre\FDP funcional y concurrente\Taller6\src\main\scala\Matrices\package.scala
2025.05.05 19:16:42 INFO  no build target found for C:\Users\Usuario\OneDrive\Escritorio\Universidad\4 Semestre\FDP funcional y concurrente\Taller6\src\main\scala\Matrices\package.scala. Using presentation compiler with project's scala-library version: 3.3.5
2025.05.05 19:19:11 INFO  no build target found for C:\Users\Usuario\OneDrive\Escritorio\Universidad\4 Semestre\FDP funcional y concurrente\Taller6\src\main\scala\Matrices\package.scala. Using presentation compiler with project's scala-library version: 3.3.5
2025.05.05 19:19:33 INFO  no build target found for C:\Users\Usuario\OneDrive\Escritorio\Universidad\4 Semestre\FDP funcional y concurrente\Taller6\src\main\scala\Matrices\package.scala. Using presentation compiler with project's scala-library version: 3.3.5
2025.05.05 19:19:33 INFO  no build target found for C:\Users\Usuario\OneDrive\Escritorio\Universidad\4 Semestre\FDP funcional y concurrente\Taller6\src\main\scala\Matrices\package.scala. Using presentation compiler with project's scala-library version: 3.3.5
2025.05.05 19:20:26 INFO  no build target found for C:\Users\Usuario\OneDrive\Escritorio\Universidad\4 Semestre\FDP funcional y concurrente\Taller6\src\main\scala\Matrices\package.scala. Using presentation compiler with project's scala-library version: 3.3.5
2025.05.05 19:20:26 INFO  no build target found for C:\Users\Usuario\OneDrive\Escritorio\Universidad\4 Semestre\FDP funcional y concurrente\Taller6\src\main\scala\Matrices\package.scala. Using presentation compiler with project's scala-library version: 3.3.5
2025.05.05 19:20:32 INFO  no build target found for C:\Users\Usuario\OneDrive\Escritorio\Universidad\4 Semestre\FDP funcional y concurrente\Taller6\src\main\scala\Matrices\package.scala. Using presentation compiler with project's scala-library version: 3.3.5
2025.05.05 19:20:36 INFO  no build target found for C:\Users\Usuario\OneDrive\Escritorio\Universidad\4 Semestre\FDP funcional y concurrente\Taller6\src\main\scala\Matrices\package.scala. Using presentation compiler with project's scala-library version: 3.3.5
2025.05.05 19:20:38 INFO  no build target found for C:\Users\Usuario\OneDrive\Escritorio\Universidad\4 Semestre\FDP funcional y concurrente\Taller6\src\main\scala\Matrices\package.scala. Using presentation compiler with project's scala-library version: 3.3.5
2025.05.05 19:20:38 INFO  no build target found for C:\Users\Usuario\OneDrive\Escritorio\Universidad\4 Semestre\FDP funcional y concurrente\Taller6\src\main\scala\Matrices\package.scala. Using presentation compiler with project's scala-library version: 3.3.5
2025.05.05 19:20:49 INFO  no build target found for C:\Users\Usuario\OneDrive\Escritorio\Universidad\4 Semestre\FDP funcional y concurrente\Taller6\src\main\scala\Matrices\package.scala. Using presentation compiler with project's scala-library version: 3.3.5
2025.05.05 19:20:49 INFO  no build target found for C:\Users\Usuario\OneDrive\Escritorio\Universidad\4 Semestre\FDP funcional y concurrente\Taller6\src\main\scala\Matrices\package.scala. Using presentation compiler with project's scala-library version: 3.3.5
2025.05.05 19:20:49 INFO  no build target found for C:\Users\Usuario\OneDrive\Escritorio\Universidad\4 Semestre\FDP funcional y concurrente\Taller6\src\main\scala\Matrices\package.scala. Using presentation compiler with project's scala-library version: 3.3.5
2025.05.05 19:20:49 INFO  no build target found for C:\Users\Usuario\OneDrive\Escritorio\Universidad\4 Semestre\FDP funcional y concurrente\Taller6\src\main\scala\Matrices\package.scala. Using presentation compiler with project's scala-library version: 3.3.5
2025.05.05 19:20:52 INFO  no build target found for C:\Users\Usuario\OneDrive\Escritorio\Universidad\4 Semestre\FDP funcional y concurrente\Taller6\src\main\scala\Matrices\package.scala. Using presentation compiler with project's scala-library version: 3.3.5
2025.05.05 19:20:52 INFO  no build target found for C:\Users\Usuario\OneDrive\Escritorio\Universidad\4 Semestre\FDP funcional y concurrente\Taller6\src\main\scala\Matrices\package.scala. Using presentation compiler with project's scala-library version: 3.3.5
2025.05.05 19:20:54 INFO  no build target found for C:\Users\Usuario\OneDrive\Escritorio\Universidad\4 Semestre\FDP funcional y concurrente\Taller6\src\main\scala\Matrices\package.scala. Using presentation compiler with project's scala-library version: 3.3.5
2025.05.05 19:20:54 INFO  no build target found for C:\Users\Usuario\OneDrive\Escritorio\Universidad\4 Semestre\FDP funcional y concurrente\Taller6\src\main\scala\Matrices\package.scala. Using presentation compiler with project's scala-library version: 3.3.5
2025.05.05 19:20:54 INFO  no build target found for C:\Users\Usuario\OneDrive\Escritorio\Universidad\4 Semestre\FDP funcional y concurrente\Taller6\src\main\scala\Matrices\package.scala. Using presentation compiler with project's scala-library version: 3.3.5
2025.05.05 19:20:54 INFO  no build target found for C:\Users\Usuario\OneDrive\Escritorio\Universidad\4 Semestre\FDP funcional y concurrente\Taller6\src\main\scala\Matrices\package.scala. Using presentation compiler with project's scala-library version: 3.3.5
2025.05.05 19:21:02 INFO  no build target found for C:\Users\Usuario\OneDrive\Escritorio\Universidad\4 Semestre\FDP funcional y concurrente\Taller6\src\main\scala\Matrices\package.scala. Using presentation compiler with project's scala-library version: 3.3.5
2025.05.05 19:21:02 INFO  no build target found for C:\Users\Usuario\OneDrive\Escritorio\Universidad\4 Semestre\FDP funcional y concurrente\Taller6\src\main\scala\Matrices\package.scala. Using presentation compiler with project's scala-library version: 3.3.5
2025.05.05 19:21:02 INFO  no build target found for C:\Users\Usuario\OneDrive\Escritorio\Universidad\4 Semestre\FDP funcional y concurrente\Taller6\src\main\scala\Matrices\package.scala. Using presentation compiler with project's scala-library version: 3.3.5
2025.05.05 19:21:02 INFO  no build target found for C:\Users\Usuario\OneDrive\Escritorio\Universidad\4 Semestre\FDP funcional y concurrente\Taller6\src\main\scala\Matrices\package.scala. Using presentation compiler with project's scala-library version: 3.3.5
2025.05.05 19:21:02 INFO  no build target found for C:\Users\Usuario\OneDrive\Escritorio\Universidad\4 Semestre\FDP funcional y concurrente\Taller6\src\main\scala\Matrices\package.scala. Using presentation compiler with project's scala-library version: 3.3.5
2025.05.05 19:21:02 INFO  no build target found for C:\Users\Usuario\OneDrive\Escritorio\Universidad\4 Semestre\FDP funcional y concurrente\Taller6\src\main\scala\Matrices\package.scala. Using presentation compiler with project's scala-library version: 3.3.5
2025.05.05 19:21:03 INFO  no build target found for C:\Users\Usuario\OneDrive\Escritorio\Universidad\4 Semestre\FDP funcional y concurrente\Taller6\src\main\scala\Matrices\package.scala. Using presentation compiler with project's scala-library version: 3.3.5
2025.05.05 19:21:03 INFO  no build target found for C:\Users\Usuario\OneDrive\Escritorio\Universidad\4 Semestre\FDP funcional y concurrente\Taller6\src\main\scala\Matrices\package.scala. Using presentation compiler with project's scala-library version: 3.3.5
2025.05.05 19:21:03 INFO  no build target found for C:\Users\Usuario\OneDrive\Escritorio\Universidad\4 Semestre\FDP funcional y concurrente\Taller6\src\main\scala\Matrices\package.scala. Using presentation compiler with project's scala-library version: 3.3.5
2025.05.05 19:21:03 INFO  no build target found for C:\Users\Usuario\OneDrive\Escritorio\Universidad\4 Semestre\FDP funcional y concurrente\Taller6\src\main\scala\Matrices\package.scala. Using presentation compiler with project's scala-library version: 3.3.5
2025.05.05 19:21:03 INFO  no build target found for C:\Users\Usuario\OneDrive\Escritorio\Universidad\4 Semestre\FDP funcional y concurrente\Taller6\src\main\scala\Matrices\package.scala. Using presentation compiler with project's scala-library version: 3.3.5
2025.05.05 19:21:03 INFO  no build target found for C:\Users\Usuario\OneDrive\Escritorio\Universidad\4 Semestre\FDP funcional y concurrente\Taller6\src\main\scala\Matrices\package.scala. Using presentation compiler with project's scala-library version: 3.3.5
2025.05.05 19:21:13 INFO  no build target found for C:\Users\Usuario\OneDrive\Escritorio\Universidad\4 Semestre\FDP funcional y concurrente\Taller6\src\main\scala\Matrices\package.scala. Using presentation compiler with project's scala-library version: 3.3.5
2025.05.05 19:21:13 INFO  no build target found for C:\Users\Usuario\OneDrive\Escritorio\Universidad\4 Semestre\FDP funcional y concurrente\Taller6\src\main\scala\Matrices\package.scala. Using presentation compiler with project's scala-library version: 3.3.5
2025.05.05 19:21:34 INFO  no build target found for C:\Users\Usuario\OneDrive\Escritorio\Universidad\4 Semestre\FDP funcional y concurrente\Taller6\src\main\scala\Matrices\package.scala. Using presentation compiler with project's scala-library version: 3.3.5
2025.05.05 19:21:44 INFO  no build target found for C:\Users\Usuario\OneDrive\Escritorio\Universidad\4 Semestre\FDP funcional y concurrente\Taller6\build.sbt. Using presentation compiler with project's scala-library version: 3.3.5
2025.05.05 19:21:44 WARN  no build target for: C:\Users\Usuario\OneDrive\Escritorio\Universidad\4 Semestre\FDP funcional y concurrente\Taller6\build.sbt
2025.05.05 19:21:44 INFO  no build target found for C:\Users\Usuario\OneDrive\Escritorio\Universidad\4 Semestre\FDP funcional y concurrente\Taller6\build.sbt. Using presentation compiler with project's scala-library version: 3.3.5
2025.05.05 19:21:44 INFO  no build target found for C:\Users\Usuario\OneDrive\Escritorio\Universidad\4 Semestre\FDP funcional y concurrente\Taller6\build.sbt. Using presentation compiler with project's scala-library version: 3.3.5
2025.05.05 19:21:49 INFO  no build target found for C:\Users\Usuario\OneDrive\Escritorio\Universidad\4 Semestre\FDP funcional y concurrente\Taller6\build.sbt. Using presentation compiler with project's scala-library version: 3.3.5
2025.05.05 19:21:49 INFO  no build target found for C:\Users\Usuario\OneDrive\Escritorio\Universidad\4 Semestre\FDP funcional y concurrente\Taller6\build.sbt. Using presentation compiler with project's scala-library version: 3.3.5
2025.05.05 19:54:25 INFO  no build target found for C:\Users\Usuario\OneDrive\Escritorio\Universidad\4 Semestre\FDP funcional y concurrente\Taller6\src\main\scala\Matrices\package.scala. Using presentation compiler with project's scala-library version: 3.3.5
2025.05.05 19:54:25 WARN  no build target for: C:\Users\Usuario\OneDrive\Escritorio\Universidad\4 Semestre\FDP funcional y concurrente\Taller6\src\main\scala\Matrices\package.scala
2025.05.05 19:54:25 INFO  no build target found for C:\Users\Usuario\OneDrive\Escritorio\Universidad\4 Semestre\FDP funcional y concurrente\Taller6\src\main\scala\Matrices\package.scala. Using presentation compiler with project's scala-library version: 3.3.5
may 05, 2025 7:54:25 P. M. org.eclipse.lsp4j.jsonrpc.RemoteEndpoint handleCancellation
WARNING: Unmatched cancel notification for request id 275
2025.05.05 19:54:25 INFO  no build target found for C:\Users\Usuario\OneDrive\Escritorio\Universidad\4 Semestre\FDP funcional y concurrente\Taller6\src\main\scala\Matrices\package.scala. Using presentation compiler with project's scala-library version: 3.3.5
2025.05.05 19:54:27 INFO  no build target found for C:\Users\Usuario\OneDrive\Escritorio\Universidad\4 Semestre\FDP funcional y concurrente\Taller6\src\main\scala\Matrices\package.scala. Using presentation compiler with project's scala-library version: 3.3.5
2025.05.05 19:54:28 INFO  no build target found for C:\Users\Usuario\OneDrive\Escritorio\Universidad\4 Semestre\FDP funcional y concurrente\Taller6\src\main\scala\Matrices\package.scala. Using presentation compiler with project's scala-library version: 3.3.5
2025.05.05 19:54:28 INFO  no build target found for C:\Users\Usuario\OneDrive\Escritorio\Universidad\4 Semestre\FDP funcional y concurrente\Taller6\src\main\scala\Matrices\package.scala. Using presentation compiler with project's scala-library version: 3.3.5
2025.05.05 19:54:29 WARN  no build target for: C:\Users\Usuario\OneDrive\Escritorio\Universidad\4 Semestre\FDP funcional y concurrente\Taller6\src\main\scala\Matrices\package.scala
2025.05.05 19:54:29 INFO  no build target found for C:\Users\Usuario\OneDrive\Escritorio\Universidad\4 Semestre\FDP funcional y concurrente\Taller6\src\main\scala\Matrices\package.scala. Using presentation compiler with project's scala-library version: 3.3.5
2025.05.05 19:55:27 INFO  no build target found for C:\Users\Usuario\OneDrive\Escritorio\Universidad\4 Semestre\FDP funcional y concurrente\Taller6\src\main\scala\Matrices\package.scala. Using presentation compiler with project's scala-library version: 3.3.5
2025.05.05 19:55:36 INFO  no build target found for C:\Users\Usuario\OneDrive\Escritorio\Universidad\4 Semestre\FDP funcional y concurrente\Taller6\src\main\scala\Matrices\package.scala. Using presentation compiler with project's scala-library version: 3.3.5
2025.05.05 19:55:40 INFO  no build target found for C:\Users\Usuario\OneDrive\Escritorio\Universidad\4 Semestre\FDP funcional y concurrente\Taller6\src\main\scala\Benchmark\package.scala. Using presentation compiler with project's scala-library version: 3.3.5
2025.05.05 19:55:40 WARN  no build target for: C:\Users\Usuario\OneDrive\Escritorio\Universidad\4 Semestre\FDP funcional y concurrente\Taller6\src\main\scala\Benchmark\package.scala
2025.05.05 19:55:40 INFO  no build target found for C:\Users\Usuario\OneDrive\Escritorio\Universidad\4 Semestre\FDP funcional y concurrente\Taller6\src\main\scala\Benchmark\package.scala. Using presentation compiler with project's scala-library version: 3.3.5
2025.05.05 19:57:38 INFO  no build target found for C:\Users\Usuario\OneDrive\Escritorio\Universidad\4 Semestre\FDP funcional y concurrente\Taller6\src\main\scala\Benchmark\package.scala. Using presentation compiler with project's scala-library version: 3.3.5
2025.05.05 19:57:41 WARN  no build target for: C:\Users\Usuario\OneDrive\Escritorio\Universidad\4 Semestre\FDP funcional y concurrente\Taller6\src\main\scala\Matrices\package.scala
2025.05.05 19:57:41 INFO  no build target found for C:\Users\Usuario\OneDrive\Escritorio\Universidad\4 Semestre\FDP funcional y concurrente\Taller6\src\main\scala\Matrices\package.scala. Using presentation compiler with project's scala-library version: 3.3.5
2025.05.05 19:57:41 INFO  no build target found for C:\Users\Usuario\OneDrive\Escritorio\Universidad\4 Semestre\FDP funcional y concurrente\Taller6\src\main\scala\Matrices\package.scala. Using presentation compiler with project's scala-library version: 3.3.5
2025.05.05 19:57:42 INFO  no build target found for C:\Users\Usuario\OneDrive\Escritorio\Universidad\4 Semestre\FDP funcional y concurrente\Taller6\src\main\scala\Matrices\package.scala. Using presentation compiler with project's scala-library version: 3.3.5
2025.05.05 19:57:42 INFO  no build target found for C:\Users\Usuario\OneDrive\Escritorio\Universidad\4 Semestre\FDP funcional y concurrente\Taller6\src\main\scala\Matrices\package.scala. Using presentation compiler with project's scala-library version: 3.3.5
2025.05.05 19:57:42 INFO  no build target found for C:\Users\Usuario\OneDrive\Escritorio\Universidad\4 Semestre\FDP funcional y concurrente\Taller6\src\main\scala\Matrices\package.scala. Using presentation compiler with project's scala-library version: 3.3.5
2025.05.05 19:57:43 INFO  no build target found for C:\Users\Usuario\OneDrive\Escritorio\Universidad\4 Semestre\FDP funcional y concurrente\Taller6\src\main\scala\Matrices\package.scala. Using presentation compiler with project's scala-library version: 3.3.5
2025.05.05 19:57:44 WARN  no build target for: C:\Users\Usuario\OneDrive\Escritorio\Universidad\4 Semestre\FDP funcional y concurrente\Taller6\src\main\scala\Matrices\package.scala
2025.05.05 19:57:45 INFO  no build target found for C:\Users\Usuario\OneDrive\Escritorio\Universidad\4 Semestre\FDP funcional y concurrente\Taller6\src\main\scala\Matrices\package.scala. Using presentation compiler with project's scala-library version: 3.3.5
2025.05.05 19:58:51 INFO  no build target found for C:\Users\Usuario\OneDrive\Escritorio\Universidad\4 Semestre\FDP funcional y concurrente\Taller6\src\main\scala\Matrices\package.scala. Using presentation compiler with project's scala-library version: 3.3.5
2025.05.05 19:58:59 INFO  no build target found for C:\Users\Usuario\OneDrive\Escritorio\Universidad\4 Semestre\FDP funcional y concurrente\Taller6\src\main\scala\Matrices\package.scala. Using presentation compiler with project's scala-library version: 3.3.5
2025.05.05 19:58:59 INFO  no build target found for C:\Users\Usuario\OneDrive\Escritorio\Universidad\4 Semestre\FDP funcional y concurrente\Taller6\src\main\scala\Matrices\package.scala. Using presentation compiler with project's scala-library version: 3.3.5
2025.05.05 19:59:00 INFO  no build target found for C:\Users\Usuario\OneDrive\Escritorio\Universidad\4 Semestre\FDP funcional y concurrente\Taller6\src\main\scala\Matrices\package.scala. Using presentation compiler with project's scala-library version: 3.3.5
2025.05.05 19:59:02 INFO  no build target found for C:\Users\Usuario\OneDrive\Escritorio\Universidad\4 Semestre\FDP funcional y concurrente\Taller6\src\main\scala\Matrices\package.scala. Using presentation compiler with project's scala-library version: 3.3.5
2025.05.05 19:59:03 INFO  no build target found for C:\Users\Usuario\OneDrive\Escritorio\Universidad\4 Semestre\FDP funcional y concurrente\Taller6\src\main\scala\Matrices\package.scala. Using presentation compiler with project's scala-library version: 3.3.5
2025.05.05 19:59:03 INFO  no build target found for C:\Users\Usuario\OneDrive\Escritorio\Universidad\4 Semestre\FDP funcional y concurrente\Taller6\src\main\scala\Matrices\package.scala. Using presentation compiler with project's scala-library version: 3.3.5
2025.05.05 19:59:04 INFO  no build target found for C:\Users\Usuario\OneDrive\Escritorio\Universidad\4 Semestre\FDP funcional y concurrente\Taller6\src\main\scala\Matrices\package.scala. Using presentation compiler with project's scala-library version: 3.3.5
2025.05.05 19:59:04 INFO  no build target found for C:\Users\Usuario\OneDrive\Escritorio\Universidad\4 Semestre\FDP funcional y concurrente\Taller6\src\main\scala\Matrices\package.scala. Using presentation compiler with project's scala-library version: 3.3.5
2025.05.05 19:59:05 INFO  no build target found for C:\Users\Usuario\OneDrive\Escritorio\Universidad\4 Semestre\FDP funcional y concurrente\Taller6\src\main\scala\Matrices\package.scala. Using presentation compiler with project's scala-library version: 3.3.5
2025.05.05 19:59:04 INFO  no build target found for C:\Users\Usuario\OneDrive\Escritorio\Universidad\4 Semestre\FDP funcional y concurrente\Taller6\src\main\scala\Matrices\package.scala. Using presentation compiler with project's scala-library version: 3.3.5
2025.05.05 19:59:04 INFO  no build target found for C:\Users\Usuario\OneDrive\Escritorio\Universidad\4 Semestre\FDP funcional y concurrente\Taller6\src\main\scala\Matrices\package.scala. Using presentation compiler with project's scala-library version: 3.3.5
2025.05.05 19:59:05 INFO  no build target found for C:\Users\Usuario\OneDrive\Escritorio\Universidad\4 Semestre\FDP funcional y concurrente\Taller6\src\main\scala\Matrices\package.scala. Using presentation compiler with project's scala-library version: 3.3.5
2025.05.05 19:59:05 INFO  no build target found for C:\Users\Usuario\OneDrive\Escritorio\Universidad\4 Semestre\FDP funcional y concurrente\Taller6\src\main\scala\Matrices\package.scala. Using presentation compiler with project's scala-library version: 3.3.5
may 05, 2025 7:59:06 P. M. scala.meta.internal.metals.StdReporter $anonfun$create$1
WARNING: empty definition using pc, found symbol in pc: `<none>`. (full report at: C:\Users\Usuario\OneDrive\Escritorio\Universidad\4 Semestre\FDP funcional y concurrente\Taller6\.metals\.reports\metals-full\2025-05-05\r_empty-definition_19-59-05-903.md)
2025.05.05 19:59:06 WARN  no build target for: C:\Users\Usuario\OneDrive\Escritorio\Universidad\4 Semestre\FDP funcional y concurrente\Taller6\src\main\scala\Matrices\package.scala
2025.05.05 19:59:06 INFO  no build target found for C:\Users\Usuario\OneDrive\Escritorio\Universidad\4 Semestre\FDP funcional y concurrente\Taller6\src\main\scala\Matrices\package.scala. Using presentation compiler with project's scala-library version: 3.3.5
may 05, 2025 8:00:41 P. M. org.eclipse.lsp4j.jsonrpc.services.GenericEndpoint notify
INFO: Unsupported notification method: $/setTrace
2025.05.05 21:05:28 INFO  no build target found for C:\Users\Usuario\OneDrive\Escritorio\Universidad\4 Semestre\FDP funcional y concurrente\Taller6\src\test\scala\Pruebas.sc. Using presentation compiler with project's scala-library version: 3.3.5
2025.05.05 21:05:28 INFO  no build target found for C:\Users\Usuario\OneDrive\Escritorio\Universidad\4 Semestre\FDP funcional y concurrente\Taller6\src\test\scala\Pruebas.sc. Using presentation compiler with project's scala-library version: 3.3.5
2025.05.05 21:05:29 WARN  Could not find semantic tokens for: file:///C:/Users/Usuario/OneDrive/Escritorio/Universidad/4%20Semestre/FDP%20funcional%20y%20concurrente/Taller6/src/test/scala/Pruebas.sc
2025.05.05 21:05:30 INFO  no build target found for C:\Users\Usuario\OneDrive\Escritorio\Universidad\4 Semestre\FDP funcional y concurrente\Taller6\src\test\scala\example\ExampleSuite.scala. Using presentation compiler with project's scala-library version: 3.3.5
2025.05.05 21:05:30 WARN  no build target for: C:\Users\Usuario\OneDrive\Escritorio\Universidad\4 Semestre\FDP funcional y concurrente\Taller6\src\test\scala\example\ExampleSuite.scala
2025.05.05 21:05:30 INFO  no build target found for C:\Users\Usuario\OneDrive\Escritorio\Universidad\4 Semestre\FDP funcional y concurrente\Taller6\src\test\scala\example\ExampleSuite.scala. Using presentation compiler with project's scala-library version: 3.3.5
2025.05.05 21:05:30 INFO  no build target found for C:\Users\Usuario\OneDrive\Escritorio\Universidad\4 Semestre\FDP funcional y concurrente\Taller6\src\test\scala\example\ExampleSuite.scala. Using presentation compiler with project's scala-library version: 3.3.5
2025.05.05 21:05:31 INFO  no build target found for C:\Users\Usuario\OneDrive\Escritorio\Universidad\4 Semestre\FDP funcional y concurrente\Taller6\src\test\scala\example\ExampleSuite.scala. Using presentation compiler with project's scala-library version: 3.3.5
2025.05.05 21:05:42 INFO  no build target found for c:\Users\Usuario\OneDrive\Escritorio\Universidad\4 Semestre\FDP funcional y concurrente\Taller6\src\test\scala\example\ExampleSuite.scala. Using presentation compiler with project's scala-library version: 3.3.5
2025.05.05 21:05:42 WARN  no build target for: C:\Users\Usuario\OneDrive\Escritorio\Universidad\4 Semestre\FDP funcional y concurrente\Taller6\src\test\scala\Pruebas.sc
2025.05.05 21:05:42 INFO  no build target found for C:\Users\Usuario\OneDrive\Escritorio\Universidad\4 Semestre\FDP funcional y concurrente\Taller6\src\test\scala\Pruebas.sc. Using presentation compiler with project's scala-library version: 3.3.5
2025.05.05 21:05:42 WARN  Could not find semantic tokens for: file:///C:/Users/Usuario/OneDrive/Escritorio/Universidad/4%20Semestre/FDP%20funcional%20y%20concurrente/Taller6/src/test/scala/Pruebas.sc
2025.05.05 21:06:18 INFO  no build target found for C:\Users\Usuario\OneDrive\Escritorio\Universidad\4 Semestre\FDP funcional y concurrente\Taller6\src\test\scala\Pruebas.sc. Using presentation compiler with project's scala-library version: 3.3.5
2025.05.05 21:06:19 INFO  no build target found for C:\Users\Usuario\OneDrive\Escritorio\Universidad\4 Semestre\FDP funcional y concurrente\Taller6\src\test\scala\Pruebas.sc. Using presentation compiler with project's scala-library version: 3.3.5
2025.05.05 21:06:19 INFO  no build target found for C:\Users\Usuario\OneDrive\Escritorio\Universidad\4 Semestre\FDP funcional y concurrente\Taller6\src\test\scala\Pruebas.sc. Using presentation compiler with project's scala-library version: 3.3.5
2025.05.05 21:06:19 WARN  no build target for: C:\Users\Usuario\OneDrive\Escritorio\Universidad\4 Semestre\FDP funcional y concurrente\Taller6\src\test\scala\Pruebas.sc
2025.05.05 21:06:19 INFO  no build target found for C:\Users\Usuario\OneDrive\Escritorio\Universidad\4 Semestre\FDP funcional y concurrente\Taller6\src\test\scala\Pruebas.sc. Using presentation compiler with project's scala-library version: 3.3.5
2025.05.05 21:09:43 INFO  no build target found for C:\Users\Usuario\OneDrive\Escritorio\Universidad\4 Semestre\FDP funcional y concurrente\Taller6\src\main\scala\Matrices\package.scala. Using presentation compiler with project's scala-library version: 3.3.5
2025.05.05 21:09:43 WARN  no build target for: C:\Users\Usuario\OneDrive\Escritorio\Universidad\4 Semestre\FDP funcional y concurrente\Taller6\src\main\scala\Matrices\package.scala
2025.05.05 21:09:43 INFO  no build target found for C:\Users\Usuario\OneDrive\Escritorio\Universidad\4 Semestre\FDP funcional y concurrente\Taller6\src\main\scala\Matrices\package.scala. Using presentation compiler with project's scala-library version: 3.3.5
2025.05.05 21:09:44 INFO  no build target found for C:\Users\Usuario\OneDrive\Escritorio\Universidad\4 Semestre\FDP funcional y concurrente\Taller6\src\main\scala\Matrices\package.scala. Using presentation compiler with project's scala-library version: 3.3.5
2025.05.05 21:09:43 INFO  no build target found for C:\Users\Usuario\OneDrive\Escritorio\Universidad\4 Semestre\FDP funcional y concurrente\Taller6\src\main\scala\Matrices\package.scala. Using presentation compiler with project's scala-library version: 3.3.5
2025.05.05 21:09:43 INFO  no build target found for C:\Users\Usuario\OneDrive\Escritorio\Universidad\4 Semestre\FDP funcional y concurrente\Taller6\src\main\scala\Matrices\package.scala. Using presentation compiler with project's scala-library version: 3.3.5
2025.05.05 21:09:43 INFO  no build target found for C:\Users\Usuario\OneDrive\Escritorio\Universidad\4 Semestre\FDP funcional y concurrente\Taller6\src\main\scala\Matrices\package.scala. Using presentation compiler with project's scala-library version: 3.3.5
2025.05.05 21:09:44 INFO  no build target found for C:\Users\Usuario\OneDrive\Escritorio\Universidad\4 Semestre\FDP funcional y concurrente\Taller6\src\main\scala\Matrices\package.scala. Using presentation compiler with project's scala-library version: 3.3.5
may 05, 2025 9:09:45 P. M. scala.meta.internal.metals.StdReporter $anonfun$create$1
WARNING: empty definition using pc, found symbol in pc: `<none>`. (full report at: C:\Users\Usuario\OneDrive\Escritorio\Universidad\4 Semestre\FDP funcional y concurrente\Taller6\.metals\.reports\metals-full\2025-05-05\r_empty-definition_19-59-05-903.md)
2025.05.05 21:09:45 INFO  no build target found for C:\Users\Usuario\OneDrive\Escritorio\Universidad\4 Semestre\FDP funcional y concurrente\Taller6\src\main\scala\Matrices\package.scala. Using presentation compiler with project's scala-library version: 3.3.5
2025.05.05 21:09:58 INFO  no build target found for C:\Users\Usuario\OneDrive\Escritorio\Universidad\4 Semestre\FDP funcional y concurrente\Taller6\src\main\scala\Matrices\package.scala. Using presentation compiler with project's scala-library version: 3.3.5
2025.05.05 21:11:34 INFO  no build target found for C:\Users\Usuario\OneDrive\Escritorio\Universidad\4 Semestre\FDP funcional y concurrente\Taller6\src\main\scala\Benchmark\package.scala. Using presentation compiler with project's scala-library version: 3.3.5
2025.05.05 21:11:34 WARN  no build target for: C:\Users\Usuario\OneDrive\Escritorio\Universidad\4 Semestre\FDP funcional y concurrente\Taller6\src\main\scala\Benchmark\package.scala
2025.05.05 21:11:34 INFO  no build target found for C:\Users\Usuario\OneDrive\Escritorio\Universidad\4 Semestre\FDP funcional y concurrente\Taller6\src\main\scala\Benchmark\package.scala. Using presentation compiler with project's scala-library version: 3.3.5
2025.05.05 21:11:34 INFO  no build target found for C:\Users\Usuario\OneDrive\Escritorio\Universidad\4 Semestre\FDP funcional y concurrente\Taller6\src\main\scala\Benchmark\package.scala. Using presentation compiler with project's scala-library version: 3.3.5
2025.05.05 21:11:36 INFO  no build target found for C:\Users\Usuario\OneDrive\Escritorio\Universidad\4 Semestre\FDP funcional y concurrente\Taller6\src\main\scala\Benchmark\package.scala. Using presentation compiler with project's scala-library version: 3.3.5
2025.05.05 21:11:48 INFO  no build target found for C:\Users\Usuario\OneDrive\Escritorio\Universidad\4 Semestre\FDP funcional y concurrente\Taller6\src\main\scala\Benchmark\package.scala. Using presentation compiler with project's scala-library version: 3.3.5
2025.05.05 21:12:07 INFO  no build target found for C:\Users\Usuario\OneDrive\Escritorio\Universidad\4 Semestre\FDP funcional y concurrente\Taller6\src\main\scala\Benchmark\package.scala. Using presentation compiler with project's scala-library version: 3.3.5
2025.05.05 21:13:10 INFO  no build target found for C:\Users\Usuario\OneDrive\Escritorio\Universidad\4 Semestre\FDP funcional y concurrente\Taller6\src\main\scala\Matrices\package.scala. Using presentation compiler with project's scala-library version: 3.3.5
2025.05.05 21:13:11 WARN  no build target for: C:\Users\Usuario\OneDrive\Escritorio\Universidad\4 Semestre\FDP funcional y concurrente\Taller6\src\main\scala\Matrices\package.scala
2025.05.05 21:13:10 INFO  no build target found for C:\Users\Usuario\OneDrive\Escritorio\Universidad\4 Semestre\FDP funcional y concurrente\Taller6\src\main\scala\Matrices\package.scala. Using presentation compiler with project's scala-library version: 3.3.5
2025.05.05 21:13:11 INFO  no build target found for C:\Users\Usuario\OneDrive\Escritorio\Universidad\4 Semestre\FDP funcional y concurrente\Taller6\src\main\scala\Matrices\package.scala. Using presentation compiler with project's scala-library version: 3.3.5
2025.05.05 21:13:15 INFO  no build target found for C:\Users\Usuario\OneDrive\Escritorio\Universidad\4 Semestre\FDP funcional y concurrente\Taller6\src\main\scala\Matrices\package.scala. Using presentation compiler with project's scala-library version: 3.3.5
2025.05.05 21:13:15 INFO  no build target found for C:\Users\Usuario\OneDrive\Escritorio\Universidad\4 Semestre\FDP funcional y concurrente\Taller6\src\main\scala\Matrices\package.scala. Using presentation compiler with project's scala-library version: 3.3.5
2025.05.05 21:13:16 INFO  no build target found for C:\Users\Usuario\OneDrive\Escritorio\Universidad\4 Semestre\FDP funcional y concurrente\Taller6\src\main\scala\Matrices\package.scala. Using presentation compiler with project's scala-library version: 3.3.5
2025.05.05 21:13:39 INFO  no build target found for C:\Users\Usuario\OneDrive\Escritorio\Universidad\4 Semestre\FDP funcional y concurrente\Taller6\src\main\scala\Matrices\package.scala. Using presentation compiler with project's scala-library version: 3.3.5
2025.05.05 21:13:39 INFO  no build target found for C:\Users\Usuario\OneDrive\Escritorio\Universidad\4 Semestre\FDP funcional y concurrente\Taller6\src\main\scala\Matrices\package.scala. Using presentation compiler with project's scala-library version: 3.3.5
2025.05.05 21:13:39 INFO  no build target found for C:\Users\Usuario\OneDrive\Escritorio\Universidad\4 Semestre\FDP funcional y concurrente\Taller6\src\main\scala\Matrices\package.scala. Using presentation compiler with project's scala-library version: 3.3.5
2025.05.05 21:13:40 INFO  no build target found for C:\Users\Usuario\OneDrive\Escritorio\Universidad\4 Semestre\FDP funcional y concurrente\Taller6\src\main\scala\Matrices\package.scala. Using presentation compiler with project's scala-library version: 3.3.5
2025.05.05 21:13:40 INFO  no build target found for C:\Users\Usuario\OneDrive\Escritorio\Universidad\4 Semestre\FDP funcional y concurrente\Taller6\src\main\scala\Matrices\package.scala. Using presentation compiler with project's scala-library version: 3.3.5
2025.05.05 21:13:40 INFO  no build target found for C:\Users\Usuario\OneDrive\Escritorio\Universidad\4 Semestre\FDP funcional y concurrente\Taller6\src\main\scala\Matrices\package.scala. Using presentation compiler with project's scala-library version: 3.3.5
may 05, 2025 9:13:40 P. M. org.eclipse.lsp4j.jsonrpc.RemoteEndpoint handleCancellation
WARNING: Unmatched cancel notification for request id 495
2025.05.05 21:13:40 INFO  no build target found for C:\Users\Usuario\OneDrive\Escritorio\Universidad\4 Semestre\FDP funcional y concurrente\Taller6\src\main\scala\Matrices\package.scala. Using presentation compiler with project's scala-library version: 3.3.5
2025.05.05 21:13:41 INFO  no build target found for C:\Users\Usuario\OneDrive\Escritorio\Universidad\4 Semestre\FDP funcional y concurrente\Taller6\src\main\scala\Matrices\package.scala. Using presentation compiler with project's scala-library version: 3.3.5
2025.05.05 21:13:40 INFO  no build target found for C:\Users\Usuario\OneDrive\Escritorio\Universidad\4 Semestre\FDP funcional y concurrente\Taller6\src\main\scala\Matrices\package.scala. Using presentation compiler with project's scala-library version: 3.3.5
2025.05.05 21:13:40 INFO  no build target found for C:\Users\Usuario\OneDrive\Escritorio\Universidad\4 Semestre\FDP funcional y concurrente\Taller6\src\main\scala\Matrices\package.scala. Using presentation compiler with project's scala-library version: 3.3.5
2025.05.05 21:13:40 INFO  no build target found for C:\Users\Usuario\OneDrive\Escritorio\Universidad\4 Semestre\FDP funcional y concurrente\Taller6\src\main\scala\Matrices\package.scala. Using presentation compiler with project's scala-library version: 3.3.5
2025.05.05 21:13:41 INFO  no build target found for C:\Users\Usuario\OneDrive\Escritorio\Universidad\4 Semestre\FDP funcional y concurrente\Taller6\src\main\scala\Matrices\package.scala. Using presentation compiler with project's scala-library version: 3.3.5
2025.05.05 21:13:41 INFO  time: code lens generation in 1.25s
2025.05.05 21:13:41 INFO  no build target found for C:\Users\Usuario\OneDrive\Escritorio\Universidad\4 Semestre\FDP funcional y concurrente\Taller6\src\main\scala\Matrices\package.scala. Using presentation compiler with project's scala-library version: 3.3.5
2025.05.05 21:13:41 INFO  no build target found for C:\Users\Usuario\OneDrive\Escritorio\Universidad\4 Semestre\FDP funcional y concurrente\Taller6\src\main\scala\Matrices\package.scala. Using presentation compiler with project's scala-library version: 3.3.5
2025.05.05 21:13:42 INFO  no build target found for C:\Users\Usuario\OneDrive\Escritorio\Universidad\4 Semestre\FDP funcional y concurrente\Taller6\src\main\scala\Matrices\package.scala. Using presentation compiler with project's scala-library version: 3.3.5
2025.05.05 21:13:42 INFO  no build target found for C:\Users\Usuario\OneDrive\Escritorio\Universidad\4 Semestre\FDP funcional y concurrente\Taller6\src\main\scala\Matrices\package.scala. Using presentation compiler with project's scala-library version: 3.3.5
2025.05.05 21:13:41 INFO  no build target found for C:\Users\Usuario\OneDrive\Escritorio\Universidad\4 Semestre\FDP funcional y concurrente\Taller6\src\main\scala\Matrices\package.scala. Using presentation compiler with project's scala-library version: 3.3.5
2025.05.05 21:13:41 INFO  no build target found for C:\Users\Usuario\OneDrive\Escritorio\Universidad\4 Semestre\FDP funcional y concurrente\Taller6\src\main\scala\Matrices\package.scala. Using presentation compiler with project's scala-library version: 3.3.5
2025.05.05 21:13:41 INFO  no build target found for C:\Users\Usuario\OneDrive\Escritorio\Universidad\4 Semestre\FDP funcional y concurrente\Taller6\src\main\scala\Matrices\package.scala. Using presentation compiler with project's scala-library version: 3.3.5
may 05, 2025 9:13:43 P. M. org.eclipse.lsp4j.jsonrpc.RemoteEndpoint handleCancellation
WARNING: Unmatched cancel notification for request id 514
2025.05.05 21:13:43 INFO  no build target found for C:\Users\Usuario\OneDrive\Escritorio\Universidad\4 Semestre\FDP funcional y concurrente\Taller6\src\main\scala\Matrices\package.scala. Using presentation compiler with project's scala-library version: 3.3.5
2025.05.05 21:13:43 INFO  no build target found for C:\Users\Usuario\OneDrive\Escritorio\Universidad\4 Semestre\FDP funcional y concurrente\Taller6\src\main\scala\Matrices\package.scala. Using presentation compiler with project's scala-library version: 3.3.5
2025.05.05 21:13:42 INFO  time: code lens generation in 1.13s
2025.05.05 21:13:43 INFO  no build target found for C:\Users\Usuario\OneDrive\Escritorio\Universidad\4 Semestre\FDP funcional y concurrente\Taller6\src\main\scala\Matrices\package.scala. Using presentation compiler with project's scala-library version: 3.3.5
2025.05.05 21:13:43 INFO  no build target found for C:\Users\Usuario\OneDrive\Escritorio\Universidad\4 Semestre\FDP funcional y concurrente\Taller6\src\main\scala\Matrices\package.scala. Using presentation compiler with project's scala-library version: 3.3.5
2025.05.05 21:13:44 INFO  no build target found for C:\Users\Usuario\OneDrive\Escritorio\Universidad\4 Semestre\FDP funcional y concurrente\Taller6\src\main\scala\Matrices\package.scala. Using presentation compiler with project's scala-library version: 3.3.5
2025.05.05 21:13:44 INFO  no build target found for C:\Users\Usuario\OneDrive\Escritorio\Universidad\4 Semestre\FDP funcional y concurrente\Taller6\src\main\scala\Matrices\package.scala. Using presentation compiler with project's scala-library version: 3.3.5
2025.05.05 21:13:44 INFO  no build target found for C:\Users\Usuario\OneDrive\Escritorio\Universidad\4 Semestre\FDP funcional y concurrente\Taller6\src\main\scala\Matrices\package.scala. Using presentation compiler with project's scala-library version: 3.3.5
2025.05.05 21:13:45 INFO  no build target found for C:\Users\Usuario\OneDrive\Escritorio\Universidad\4 Semestre\FDP funcional y concurrente\Taller6\src\main\scala\Matrices\package.scala. Using presentation compiler with project's scala-library version: 3.3.5
2025.05.05 21:13:46 INFO  no build target found for C:\Users\Usuario\OneDrive\Escritorio\Universidad\4 Semestre\FDP funcional y concurrente\Taller6\src\main\scala\Matrices\package.scala. Using presentation compiler with project's scala-library version: 3.3.5
2025.05.05 21:13:46 INFO  no build target found for C:\Users\Usuario\OneDrive\Escritorio\Universidad\4 Semestre\FDP funcional y concurrente\Taller6\src\main\scala\Matrices\package.scala. Using presentation compiler with project's scala-library version: 3.3.5
may 05, 2025 9:13:46 P. M. org.eclipse.lsp4j.jsonrpc.RemoteEndpoint handleCancellation
WARNING: Unmatched cancel notification for request id 533
2025.05.05 21:13:46 INFO  no build target found for C:\Users\Usuario\OneDrive\Escritorio\Universidad\4 Semestre\FDP funcional y concurrente\Taller6\src\main\scala\Matrices\package.scala. Using presentation compiler with project's scala-library version: 3.3.5
2025.05.05 21:13:46 INFO  no build target found for C:\Users\Usuario\OneDrive\Escritorio\Universidad\4 Semestre\FDP funcional y concurrente\Taller6\src\main\scala\Matrices\package.scala. Using presentation compiler with project's scala-library version: 3.3.5
2025.05.05 21:13:46 INFO  no build target found for C:\Users\Usuario\OneDrive\Escritorio\Universidad\4 Semestre\FDP funcional y concurrente\Taller6\src\main\scala\Matrices\package.scala. Using presentation compiler with project's scala-library version: 3.3.5
2025.05.05 21:13:46 INFO  no build target found for C:\Users\Usuario\OneDrive\Escritorio\Universidad\4 Semestre\FDP funcional y concurrente\Taller6\src\main\scala\Matrices\package.scala. Using presentation compiler with project's scala-library version: 3.3.5
2025.05.05 21:13:46 INFO  no build target found for C:\Users\Usuario\OneDrive\Escritorio\Universidad\4 Semestre\FDP funcional y concurrente\Taller6\src\main\scala\Matrices\package.scala. Using presentation compiler with project's scala-library version: 3.3.5
2025.05.05 21:13:46 WARN  no build target for: C:\Users\Usuario\OneDrive\Escritorio\Universidad\4 Semestre\FDP funcional y concurrente\Taller6\src\main\scala\Matrices\package.scala
2025.05.05 21:13:47 INFO  no build target found for C:\Users\Usuario\OneDrive\Escritorio\Universidad\4 Semestre\FDP funcional y concurrente\Taller6\src\main\scala\Matrices\package.scala. Using presentation compiler with project's scala-library version: 3.3.5
2025.05.05 21:13:47 INFO  no build target found for C:\Users\Usuario\OneDrive\Escritorio\Universidad\4 Semestre\FDP funcional y concurrente\Taller6\src\main\scala\Matrices\package.scala. Using presentation compiler with project's scala-library version: 3.3.5
2025.05.05 21:13:48 INFO  no build target found for C:\Users\Usuario\OneDrive\Escritorio\Universidad\4 Semestre\FDP funcional y concurrente\Taller6\src\main\scala\Matrices\package.scala. Using presentation compiler with project's scala-library version: 3.3.5
2025.05.05 21:13:50 INFO  no build target found for C:\Users\Usuario\OneDrive\Escritorio\Universidad\4 Semestre\FDP funcional y concurrente\Taller6\src\main\scala\Matrices\package.scala. Using presentation compiler with project's scala-library version: 3.3.5
