[0m[[0m[0mdebug[0m] [0m[0m> Exec(early(addDefaultCommands), None, None)[0m
[0m[[0m[0mdebug[0m] [0m[0m> Exec(addDefaultCommands, None, None)[0m
[0m[[0m[0mdebug[0m] [0m[0m> Exec(early(initialize), None, None)[0m
[0m[[0m[0mdebug[0m] [0m[0m> Exec(initialize, None, None)[0m
[0m[[0m[0mdebug[0m] [0m[0m> Exec(boot, None, None)[0m
[0m[[0m[0mdebug[0m] [0m[0m> Exec(writeSbtVersion, None, None)[0m
[0m[[0m[0mdebug[0m] [0m[0m> Exec(reload, None, None)[0m
[0m[[0m[0mdebug[0m] [0m[0m> Exec(sbtStashOnFailure, None, None)[0m
[0m[[0m[0mdebug[0m] [0m[0m> Exec(onFailure loadFailed, None, None)[0m
[0m[[0m[0mdebug[0m] [0m[0m> Exec(loadp, None, None)[0m
[0m[[0m[0minfo[0m] [0m[0mwelcome to sbt 1.10.7 (Oracle Corporation Java 20.0.2)[0m
[0m[[0m[0mdebug[0m] [0m[0mLoad.defaultLoad until apply took 326.3001ms[0m
[0m[[0m[0mdebug[0m] [0m[0m          Load.loadUnit: plugins took 224.9897ms[0m
[0m[[0m[0mdebug[0m] [0m[0m          Load.loadUnit: defsScala took 0.4789ms[0m
[0m[[0m[0mdebug[0m] [0m[0m[Loading] Scanning directory C:\Users\Usuario\OneDrive\Escritorio\Universidad\4 Semestre\FDP funcional y concurrente\Taller3\Taller3_ReconocimientodePatrones\project[0m
[0m[[0m[0mdebug[0m] [0m[0m[Loading] Found non-root projects [0m
[0m[[0m[0mdebug[0m] [0m[0m[Loading] Done in C:\Users\Usuario\OneDrive\Escritorio\Universidad\4 Semestre\FDP funcional y concurrente\Taller3\Taller3_ReconocimientodePatrones\project, returning: ()[0m
[0m[[0m[0mdebug[0m] [0m[0mdeducing auto plugins based on known facts Set(Atom(sbt.plugins.CorePlugin)) and clauses Clauses(Clause(Atom(sbt.plugins.JvmPlugin),Set(Atom(sbt.plugins.IvyPlugin)))[0m
[0m[[0m[0mdebug[0m] [0m[0mClause(Atom(sbt.ScriptedPlugin),Set(Atom(sbt.plugins.JvmPlugin)))[0m
[0m[[0m[0mdebug[0m] [0m[0mClause(Atom(sbt.plugins.SbtPlugin),Set(Atom(sbt.ScriptedPlugin)))[0m
[0m[[0m[0mdebug[0m] [0m[0mClause(Atom(sbt.plugins.SemanticdbPlugin),Set(Atom(sbt.plugins.JvmPlugin)))[0m
[0m[[0m[0mdebug[0m] [0m[0mClause(Atom(sbt.plugins.JUnitXmlReportPlugin),Set(Atom(sbt.plugins.JvmPlugin)))[0m
[0m[[0m[0mdebug[0m] [0m[0mClause(Atom(sbt.plugins.MiniDependencyTreePlugin),Set(Atom(sbt.plugins.JvmPlugin)))[0m
[0m[[0m[0mdebug[0m] [0m[0mClause(Atom(sbt.plugins.CorePlugin),Set(Atom(sbt.plugins.IvyPlugin)))[0m
[0m[[0m[0mdebug[0m] [0m[0mClause(Atom(sbt.plugins.IvyPlugin),Set(Atom(sbt.plugins.JvmPlugin)))[0m
[0m[[0m[0mdebug[0m] [0m[0mClause(Atom(sbt.plugins.JvmPlugin),Set(Atom(sbt.plugins.SemanticdbPlugin)))[0m
[0m[[0m[0mdebug[0m] [0m[0mClause(Atom(sbt.plugins.JvmPlugin),Set(Atom(sbt.plugins.JUnitXmlReportPlugin)))[0m
[0m[[0m[0mdebug[0m] [0m[0mClause(Atom(sbt.plugins.CorePlugin),Set(Atom(sbt.plugins.Giter8TemplatePlugin)))[0m
[0m[[0m[0mdebug[0m] [0m[0mClause(Atom(sbt.plugins.JvmPlugin),Set(Atom(sbt.plugins.MiniDependencyTreePlugin))))[0m
[0m[[0m[0mdebug[0m] [0m[0m  :: deduced result: Matched(sbt.plugins.CorePlugin,sbt.plugins.Giter8TemplatePlugin,sbt.plugins.IvyPlugin,sbt.plugins.JvmPlugin,sbt.plugins.MiniDependencyTreePlugin,sbt.plugins.JUnitXmlReportPlugin,sbt.plugins.SemanticdbPlugin)[0m
[0m[[0m[0mdebug[0m] [0m[0mPlugins.deducer#function took 56.0307 ms[0m
[0m[[0m[0mdebug[0m] [0m[0m              Load.resolveProject(taller3_reconocimientodepatrones-build) took 96.7033ms[0m
[0m[[0m[0mdebug[0m] [0m[0m            Load.loadTransitive: finalizeProject(Project(id taller3_reconocimientodepatrones-build, base: C:\Users\Usuario\OneDrive\Escritorio\Universidad\4 Semestre\FDP funcional y concurrente\Taller3\Taller3_ReconocimientodePatrones\project, plugins: List(<none>))) took 204.9848ms[0m
[0m[[0m[0mdebug[0m] [0m[0m[Loading] Done in C:\Users\Usuario\OneDrive\Escritorio\Universidad\4 Semestre\FDP funcional y concurrente\Taller3\Taller3_ReconocimientodePatrones\project, returning: (taller3_reconocimientodepatrones-build)[0m
[0m[[0m[0mdebug[0m] [0m[0m          Load.loadUnit: loadedProjectsRaw took 263.4485ms[0m
[0m[[0m[0mdebug[0m] [0m[0m          Load.loadUnit: cleanEvalClasses took 0.5296ms[0m
[0m[[0m[0mdebug[0m] [0m[0m        Load.loadUnit(file:/C:/Users/Usuario/OneDrive/Escritorio/Universidad/4%20Semestre/FDP%20funcional%20y%20concurrente/Taller3/Taller3_ReconocimientodePatrones/project/, ...) took 502.6435ms[0m
[0m[[0m[0mdebug[0m] [0m[0m      Load.apply: load took 821.3439ms[0m
[0m[[0m[0mdebug[0m] [0m[0m      Load.apply: resolveProjects took 9.8514ms[0m
[0m[[0m[0mdebug[0m] [0m[0m      Load.apply: finalTransforms took 133.5363ms[0m
[0m[[0m[0mdebug[0m] [0m[0m      Load.apply: config.delegates took 16.3026ms[0m
[0m[[0m[0mdebug[0m] [0m[0m      Load.apply: Def.make(settings)... took 1273.013ms[0m
[0m[[0m[0mdebug[0m] [0m[0m      Load.apply: structureIndex took 214.7147ms[0m
[0m[[0m[0mdebug[0m] [0m[0m      Load.apply: mkStreams took 3.2443ms[0m
[0m[[0m[0minfo[0m] [0m[0mloading project definition from C:\Users\Usuario\OneDrive\Escritorio\Universidad\4 Semestre\FDP funcional y concurrente\Taller3\Taller3_ReconocimientodePatrones\project[0m
[0m[[0m[0mdebug[0m] [0m[0mRunning task... Cancel: Signal, check cycles: false, forcegc: true[0m
[0m[[0m[0mdebug[0m] [0m[0m    Load.loadUnit: plugins took 4434.8907ms[0m
[0m[[0m[0mdebug[0m] [0m[0m    Load.loadUnit: defsScala took 0.0066ms[0m
[0m[[0m[0mdebug[0m] [0m[0m[Loading] Scanning directory C:\Users\Usuario\OneDrive\Escritorio\Universidad\4 Semestre\FDP funcional y concurrente\Taller3\Taller3_ReconocimientodePatrones[0m
[0m[[0m[0mdebug[0m] [0m[0m      Load.loadUnit: mkEval took 10.5424ms[0m
[0m[[0m[0mdebug[0m] [0m[0m[Loading] Found non-root projects [0m
[0m[[0m[0mdebug[0m] [0m[0m[Loading] Done in C:\Users\Usuario\OneDrive\Escritorio\Universidad\4 Semestre\FDP funcional y concurrente\Taller3\Taller3_ReconocimientodePatrones, returning: ()[0m
[0m[[0m[0mdebug[0m] [0m[0mdeducing auto plugins based on known facts Set(Atom(sbt.plugins.CorePlugin)) and clauses Clauses(Clause(Atom(sbt.plugins.JvmPlugin),Set(Atom(sbt.plugins.IvyPlugin)))[0m
[0m[[0m[0mdebug[0m] [0m[0mClause(Atom(sbt.ScriptedPlugin),Set(Atom(sbt.plugins.JvmPlugin)))[0m
[0m[[0m[0mdebug[0m] [0m[0mClause(Atom(sbt.plugins.SbtPlugin),Set(Atom(sbt.ScriptedPlugin)))[0m
[0m[[0m[0mdebug[0m] [0m[0mClause(Atom(sbt.plugins.SemanticdbPlugin),Set(Atom(sbt.plugins.JvmPlugin)))[0m
[0m[[0m[0mdebug[0m] [0m[0mClause(Atom(sbt.plugins.JUnitXmlReportPlugin),Set(Atom(sbt.plugins.JvmPlugin)))[0m
[0m[[0m[0mdebug[0m] [0m[0mClause(Atom(sbt.plugins.MiniDependencyTreePlugin),Set(Atom(sbt.plugins.JvmPlugin)))[0m
[0m[[0m[0mdebug[0m] [0m[0mClause(Atom(sbt.plugins.CorePlugin),Set(Atom(sbt.plugins.IvyPlugin)))[0m
[0m[[0m[0mdebug[0m] [0m[0mClause(Atom(sbt.plugins.IvyPlugin),Set(Atom(sbt.plugins.JvmPlugin)))[0m
[0m[[0m[0mdebug[0m] [0m[0mClause(Atom(sbt.plugins.JvmPlugin),Set(Atom(sbt.plugins.SemanticdbPlugin)))[0m
[0m[[0m[0mdebug[0m] [0m[0mClause(Atom(sbt.plugins.JvmPlugin),Set(Atom(sbt.plugins.JUnitXmlReportPlugin)))[0m
[0m[[0m[0mdebug[0m] [0m[0mClause(Atom(sbt.plugins.CorePlugin),Set(Atom(sbt.plugins.Giter8TemplatePlugin)))[0m
[0m[[0m[0mdebug[0m] [0m[0mClause(Atom(sbt.plugins.JvmPlugin),Set(Atom(sbt.plugins.MiniDependencyTreePlugin))))[0m
[0m[[0m[0mdebug[0m] [0m[0m  :: deduced result: Matched(sbt.plugins.CorePlugin,sbt.plugins.Giter8TemplatePlugin,sbt.plugins.IvyPlugin,sbt.plugins.JvmPlugin,sbt.plugins.MiniDependencyTreePlugin,sbt.plugins.JUnitXmlReportPlugin,sbt.plugins.SemanticdbPlugin)[0m
[0m[[0m[0mdebug[0m] [0m[0mPlugins.deducer#function took 3.4923 ms[0m
[0m[[0m[0minfo[0m] [0m[0mloading settings for project taller3_reconocimientodepatrones from build.sbt...[0m
[0m[[0m[0mdebug[0m] [0m[0m        Load.resolveProject(taller3_reconocimientodepatrones) took 7.6932ms[0m
[0m[[0m[0mdebug[0m] [0m[0m      Load.loadTransitive: finalizeProject(Project(id taller3_reconocimientodepatrones, base: C:\Users\Usuario\OneDrive\Escritorio\Universidad\4 Semestre\FDP funcional y concurrente\Taller3\Taller3_ReconocimientodePatrones, plugins: List(<none>))) took 12.765ms[0m
[0m[[0m[0mdebug[0m] [0m[0m[Loading] Done in C:\Users\Usuario\OneDrive\Escritorio\Universidad\4 Semestre\FDP funcional y concurrente\Taller3\Taller3_ReconocimientodePatrones, returning: (taller3_reconocimientodepatrones)[0m
[0m[[0m[0mdebug[0m] [0m[0m    Load.loadUnit: loadedProjectsRaw took 220.9912ms[0m
[0m[[0m[0mdebug[0m] [0m[0m    Load.loadUnit: cleanEvalClasses took 23.2506ms[0m
[0m[[0m[0mdebug[0m] [0m[0m  Load.loadUnit(file:/C:/Users/Usuario/OneDrive/Escritorio/Universidad/4%20Semestre/FDP%20funcional%20y%20concurrente/Taller3/Taller3_ReconocimientodePatrones/, ...) took 4683.7073ms[0m
[0m[[0m[0mdebug[0m] [0m[0mLoad.apply: load took 4763.7973ms[0m
[0m[[0m[0mdebug[0m] [0m[0mLoad.apply: resolveProjects took 0.2681ms[0m
[0m[[0m[0mdebug[0m] [0m[0mLoad.apply: finalTransforms took 33.886ms[0m
[0m[[0m[0mdebug[0m] [0m[0mLoad.apply: config.delegates took 0.5491ms[0m
[0m[[0m[0mdebug[0m] [0m[0mLoad.apply: Def.make(settings)... took 191.688ms[0m
[0m[[0m[0mdebug[0m] [0m[0mLoad.apply: structureIndex took 61.5776ms[0m
[0m[[0m[0mdebug[0m] [0m[0mLoad.apply: mkStreams took 0.0032ms[0m
[0m[[0m[0minfo[0m] [0m[0mset current project to Taller3_ReconocimientodePatrones (in build file:/C:/Users/Usuario/OneDrive/Escritorio/Universidad/4%20Semestre/FDP%20funcional%20y%20concurrente/Taller3/Taller3_ReconocimientodePatrones/)[0m
[0m[[0m[0mdebug[0m] [0m[0m> Exec(sbtPopOnFailure, None, None)[0m
[0m[[0m[0mdebug[0m] [0m[0m> Exec(resumeFromFailure, None, None)[0m
[0m[[0m[0mdebug[0m] [0m[0m> Exec(notifyUsersAboutShell, None, None)[0m
[0m[[0m[0mdebug[0m] [0m[0m> Exec(iflast shell, None, None)[0m
[0m[[0m[0mdebug[0m] [0m[0m> Exec(console, None, None)[0m
[0m[[0m[0mdebug[0m] [0m[0mEvaluating tasks: Compile / console[0m
[0m[[0m[0mdebug[0m] [0m[0mRunning task... Cancel: Signal, check cycles: false, forcegc: true[0m
[0m[[0m[0minfo[0m] [0m[0mStarting scala interpreter...[0m
[0m[[0m[33mwarn[0m] [0m[0mIn the last 7 seconds, 5.127 (84,8%) were spent in GC. [Heap: 0,11GB free of 1,00GB, max 1,00GB] Consider increasing the JVM heap using `-Xmx` or try a different collector, e.g. `-XX:+UseG1GC`, for better performance.[0m
[0m[[0m[33mwarn[0m] [0m[0mIn the last 7 seconds, 6.655 (96,7%) were spent in GC. [Heap: 0,01GB free of 1,00GB, max 1,00GB] Consider increasing the JVM heap using `-Xmx` or try a different collector, e.g. `-XX:+UseG1GC`, for better performance.[0m
[0m[[0m[33mwarn[0m] [0m[0mIn the last 10 seconds, 6.716 (67,2%) were spent in GC. [Heap: 0,00GB free of 1,00GB, max 1,00GB] Consider increasing the JVM heap using `-Xmx` or try a different collector, e.g. `-XX:+UseG1GC`, for better performance.[0m
